<?xml version="1.0" encoding="UTF-8"?>
<!-- Generated by org.testng.reporters.JUnitReportReporter -->
<testsuite hostname="Dell-pc" failures="0" tests="4" name="Framework.TestNFTestDefaultExecutionOrder" time="0.034" errors="0" timestamp="2021-12-21T11:47:51 IST" skipped="0">
  <testcase classname="Framework.TestNFTestDefaultExecutionOrder" name="logintest" time="0.004"/>
  <system-out/>
  <testcase classname="Framework.TestNFTestDefaultExecutionOrder" name="updateAccountTest" time="0.002"/>
  <system-out/>
  <testcase classname="Framework.TestNFTestDefaultExecutionOrder" name="createAccountTest" time="0.025"/>
  <system-out/>
  <testcase classname="Framework.TestNFTestDefaultExecutionOrder" name="logoutTest" time="0.003"/>
  <system-out/>
</testsuite> <!-- Framework.TestNFTestDefaultExecutionOrder -->
