<?xml version="1.0" encoding="UTF-8"?>
<!-- Generated by org.testng.reporters.JUnitReportReporter -->
<testsuite hostname="Dell-pc" failures="0" tests="1" name="Framework.ParameterNg" time="0.031" errors="0" timestamp="2021-12-22T13:31:00 IST" skipped="0">
  <testcase classname="Framework.ParameterNg" name="loginTest1" time="0.031"/>
  <system-out/>
</testsuite> <!-- Framework.ParameterNg -->
