<?xml version="1.0" encoding="UTF-8"?>
<!-- Generated by org.testng.reporters.JUnitReportReporter -->
<testsuite hostname="Dell-pc" failures="0" tests="4" name="Framework.DTProvider" time="0.050" errors="0" timestamp="2021-12-19T10:36:53 IST" skipped="0">
  <testcase classname="Framework.DTProvider" name="getData" time="0.006"/>
  <system-out/>
  <testcase classname="Framework.DTProvider" name="getData" time="0.020"/>
  <system-out/>
  <testcase classname="Framework.DTProvider" name="createTest" time="0.020"/>
  <system-out/>
  <testcase classname="Framework.DTProvider" name="createTest" time="0.004"/>
  <system-out/>
</testsuite> <!-- Framework.DTProvider -->
